

================================================================
== Synthesis Summary Report of 'matrixmul'
================================================================
+ General Information: 
    * Date:           Tue Oct 11 20:40:41 2022
    * Version:        2022.1 (Build 3526262 on Mon Apr 18 15:48:16 MDT 2022)
    * Project:        matrixmul_prj
    * Solution:       solution5 (Vivado IP Flow Target)
    * Product family: virtexuplus
    * Target device:  xcvu9p-flgb2104-1-e
    

+ Performance & Resource Estimates: 
    
    PS: '+' for module; 'o' for loop; '*' for dataflow
    +----------------------------+------+------+---------+---------+----------+---------+------+----------+------+---------+-----------+-----------+-----+
    |           Modules          | Issue|      | Latency | Latency | Iteration|         | Trip |          |      |         |           |           |     |
    |           & Loops          | Type | Slack| (cycles)|   (ns)  |  Latency | Interval| Count| Pipelined| BRAM |   DSP   |     FF    |    LUT    | URAM|
    +----------------------------+------+------+---------+---------+----------+---------+------+----------+------+---------+-----------+-----------+-----+
    |+ matrixmul                 |     -|  6.91|       37|  493.321|         -|       38|     -|        no|     -|  2 (~0%)|  116 (~0%)|  196 (~0%)|    -|
    | o Row                      |     -|  9.73|       36|  479.988|        12|        -|     3|        no|     -|        -|          -|          -|    -|
    |  + matrixmul_Pipeline_Col  |     -|  6.91|        9|  119.997|         -|        9|     -|        no|     -|  2 (~0%)|   85 (~0%)|  115 (~0%)|    -|
    |   o Col                    |     -|  9.73|        7|   93.331|         6|        1|     3|       yes|     -|        -|          -|          -|    -|
    +----------------------------+------+------+---------+---------+----------+---------+------+----------+------+---------+-----------+-----------+-----+


================================================================
== HW Interfaces
================================================================
* AP_FIFO
+-----------+------------+
| Interface | Data Width |
+-----------+------------+
| a         | 24         |
| b         | 24         |
| res       | 16         |
+-----------+------------+

* TOP LEVEL CONTROL
+-----------+------------+-----------------------------------+
| Interface | Type       | Ports                             |
+-----------+------------+-----------------------------------+
| ap_clk    | clock      | ap_clk                            |
| ap_rst    | reset      | ap_rst                            |
| ap_ctrl   | ap_ctrl_hs | ap_done ap_idle ap_ready ap_start |
+-----------+------------+-----------------------------------+


================================================================
== SW I/O Information
================================================================
* Top Function Arguments
+----------+-----------+----------+
| Argument | Direction | Datatype |
+----------+-----------+----------+
| a        | in        | char*    |
| b        | in        | char*    |
| res      | out       | short*   |
+----------+-----------+----------+

* SW-to-HW Mapping
+----------+--------------+-----------+
| Argument | HW Interface | HW Type   |
+----------+--------------+-----------+
| a        | a            | interface |
| b        | b            | interface |
| res      | res          | interface |
+----------+--------------+-----------+


================================================================
== Bind Op Report
================================================================
+------------------------------------+-----+--------+------------+-----+--------+---------+
| Name                               | DSP | Pragma | Variable   | Op  | Impl   | Latency |
+------------------------------------+-----+--------+------------+-----+--------+---------+
| + matrixmul                        | 2   |        |            |     |        |         |
|   add_ln56_fu_89_p2                | -   |        | add_ln56   | add | fabric | 0       |
|  + matrixmul_Pipeline_Col          | 2   |        |            |     |        |         |
|    add_ln61_fu_115_p2              | -   |        | add_ln61   | add | fabric | 0       |
|    mac_muladd_8s_8s_16ns_16_4_1_U3 | 1   |        | mul_ln71   | mul | dsp48  | 3       |
|    mul_8s_8s_16_1_1_U1             | -   |        | mul_ln71_1 | mul | auto   | 0       |
|    mac_muladd_8s_8s_16s_16_4_1_U2  | 1   |        | mul_ln71_2 | mul | dsp48  | 3       |
|    mac_muladd_8s_8s_16s_16_4_1_U2  | 1   |        | add_ln71   | add | dsp48  | 3       |
|    mac_muladd_8s_8s_16ns_16_4_1_U3 | 1   |        | add_ln71_1 | add | dsp48  | 3       |
+------------------------------------+-----+--------+------------+-----+--------+---------+


================================================================
== Bind Storage Report
================================================================
  No bind storage info in design

================================================================
== Pragma Report
================================================================
* Valid Pragma Syntax
+---------------+---------------------------+-------------------------------------------------------------+
| Type          | Options                   | Location                                                    |
+---------------+---------------------------+-------------------------------------------------------------+
| pipeline      | OFF                       | matrixmul.cpp:57 in matrixmul                               |
| array_reshape | variable=a complete dim=2 | matrixmul_prj/solution5/directives.tcl:8 in matrixmul, a    |
| array_reshape | variable=b complete dim=1 | matrixmul_prj/solution5/directives.tcl:9 in matrixmul, b    |
| interface     | ap_fifo port=a            | matrixmul_prj/solution5/directives.tcl:10 in matrixmul, a   |
| interface     | ap_fifo port=b            | matrixmul_prj/solution5/directives.tcl:11 in matrixmul, b   |
| interface     | ap_fifo port=res          | matrixmul_prj/solution5/directives.tcl:12 in matrixmul, res |
| pipeline      |                           | matrixmul_prj/solution5/directives.tcl:7 in matrixmul       |
+---------------+---------------------------+-------------------------------------------------------------+


