

================================================================
== Synthesis Summary Report of 'matrixmul'
================================================================
+ General Information: 
    * Date:           Fri Oct  7 23:33:40 2022
    * Version:        2022.1 (Build 3526262 on Mon Apr 18 15:48:16 MDT 2022)
    * Project:        matrixmul_prj
    * Solution:       solution6 (Vivado IP Flow Target)
    * Product family: virtexuplus
    * Target device:  xcvu9p-flgb2104-1-e
    

+ Performance & Resource Estimates: 
    
    PS: '+' for module; 'o' for loop; '*' for dataflow
    +-------------+------+------+---------+---------+----------+---------+------+----------+------+----------+-----------+-----------+-----+
    |   Modules   | Issue|      | Latency | Latency | Iteration|         | Trip |          |      |          |           |           |     |
    |   & Loops   | Type | Slack| (cycles)|   (ns)  |  Latency | Interval| Count| Pipelined| BRAM |    DSP   |     FF    |    LUT    | URAM|
    +-------------+------+------+---------+---------+----------+---------+------+----------+------+----------+-----------+-----------+-----+
    |+ matrixmul  |    II|  7.21|       10|  133.330|         -|        5|     -|       yes|     -|  18 (~0%)|  632 (~0%)|  553 (~0%)|    -|
    +-------------+------+------+---------+---------+----------+---------+------+----------+------+----------+-----------+-----------+-----+


================================================================
== HW Interfaces
================================================================
* AP_MEMORY
+--------------+----------+
| Interface    | Bitwidth |
+--------------+----------+
| a_address0   | 2        |
| a_address1   | 2        |
| a_q0         | 24       |
| a_q1         | 24       |
| b_address0   | 2        |
| b_address1   | 2        |
| b_q0         | 24       |
| b_q1         | 24       |
| res_address0 | 4        |
| res_address1 | 4        |
| res_d0       | 16       |
| res_d1       | 16       |
+--------------+----------+

* TOP LEVEL CONTROL
+-----------+------------+-----------------------------------+
| Interface | Type       | Ports                             |
+-----------+------------+-----------------------------------+
| ap_clk    | clock      | ap_clk                            |
| ap_rst    | reset      | ap_rst                            |
| ap_ctrl   | ap_ctrl_hs | ap_done ap_idle ap_ready ap_start |
+-----------+------------+-----------------------------------+


================================================================
== SW I/O Information
================================================================
* Top Function Arguments
+----------+-----------+----------+
| Argument | Direction | Datatype |
+----------+-----------+----------+
| a        | in        | char*    |
| b        | in        | char*    |
| res      | out       | short*   |
+----------+-----------+----------+

* SW-to-HW Mapping
+----------+--------------+---------+----------+
| Argument | HW Interface | HW Type | HW Usage |
+----------+--------------+---------+----------+
| a        | a_address0   | port    | offset   |
| a        | a_ce0        | port    |          |
| a        | a_q0         | port    |          |
| a        | a_address1   | port    | offset   |
| a        | a_ce1        | port    |          |
| a        | a_q1         | port    |          |
| b        | b_address0   | port    | offset   |
| b        | b_ce0        | port    |          |
| b        | b_q0         | port    |          |
| b        | b_address1   | port    | offset   |
| b        | b_ce1        | port    |          |
| b        | b_q1         | port    |          |
| res      | res_address0 | port    | offset   |
| res      | res_ce0      | port    |          |
| res      | res_we0      | port    |          |
| res      | res_d0       | port    |          |
| res      | res_address1 | port    | offset   |
| res      | res_ce1      | port    |          |
| res      | res_we1      | port    |          |
| res      | res_d1       | port    |          |
+----------+--------------+---------+----------+


================================================================
== Bind Op Report
================================================================
+------------------------------------+-----+--------+-------------+-----+-------+---------+
| Name                               | DSP | Pragma | Variable    | Op  | Impl  | Latency |
+------------------------------------+-----+--------+-------------+-----+-------+---------+
| + matrixmul                        | 18  |        |             |     |       |         |
|   mul_8s_8s_16_1_1_U1              | -   |        | mul_ln63    | mul | auto  | 0       |
|   mac_muladd_8s_8s_16ns_16_4_1_U18 | 1   |        | mul_ln63_1  | mul | dsp48 | 3       |
|   mac_muladd_8s_8s_16s_16_4_1_U10  | 1   |        | mul_ln63_2  | mul | dsp48 | 3       |
|   mac_muladd_8s_8s_16s_16_4_1_U10  | 1   |        | add_ln63    | add | dsp48 | 3       |
|   mac_muladd_8s_8s_16ns_16_4_1_U18 | 1   |        | add_ln63_1  | add | dsp48 | 3       |
|   mul_8s_8s_16_1_1_U2              | -   |        | mul_ln63_3  | mul | auto  | 0       |
|   mac_muladd_8s_8s_16ns_16_4_1_U19 | 1   |        | mul_ln63_4  | mul | dsp48 | 3       |
|   mac_muladd_8s_8s_16s_16_4_1_U11  | 1   |        | mul_ln63_5  | mul | dsp48 | 3       |
|   mac_muladd_8s_8s_16s_16_4_1_U11  | 1   |        | add_ln63_2  | add | dsp48 | 3       |
|   mac_muladd_8s_8s_16ns_16_4_1_U19 | 1   |        | add_ln63_3  | add | dsp48 | 3       |
|   mul_8s_8s_16_1_1_U3              | -   |        | mul_ln63_6  | mul | auto  | 0       |
|   mac_muladd_8s_8s_16ns_16_4_1_U20 | 1   |        | mul_ln63_7  | mul | dsp48 | 3       |
|   mac_muladd_8s_8s_16s_16_4_1_U14  | 1   |        | mul_ln63_8  | mul | dsp48 | 3       |
|   mac_muladd_8s_8s_16s_16_4_1_U14  | 1   |        | add_ln63_4  | add | dsp48 | 3       |
|   mac_muladd_8s_8s_16ns_16_4_1_U20 | 1   |        | add_ln63_5  | add | dsp48 | 3       |
|   mul_8s_8s_16_1_1_U4              | -   |        | mul_ln63_9  | mul | auto  | 0       |
|   mac_muladd_8s_8s_16ns_16_4_1_U22 | 1   |        | mul_ln63_10 | mul | dsp48 | 3       |
|   mac_muladd_8s_8s_16s_16_4_1_U12  | 1   |        | mul_ln63_11 | mul | dsp48 | 3       |
|   mac_muladd_8s_8s_16s_16_4_1_U12  | 1   |        | add_ln63_6  | add | dsp48 | 3       |
|   mac_muladd_8s_8s_16ns_16_4_1_U22 | 1   |        | add_ln63_7  | add | dsp48 | 3       |
|   mul_8s_8s_16_1_1_U5              | -   |        | mul_ln63_12 | mul | auto  | 0       |
|   mac_muladd_8s_8s_16ns_16_4_1_U23 | 1   |        | mul_ln63_13 | mul | dsp48 | 3       |
|   mac_muladd_8s_8s_16s_16_4_1_U13  | 1   |        | mul_ln63_14 | mul | dsp48 | 3       |
|   mac_muladd_8s_8s_16s_16_4_1_U13  | 1   |        | add_ln63_8  | add | dsp48 | 3       |
|   mac_muladd_8s_8s_16ns_16_4_1_U23 | 1   |        | add_ln63_9  | add | dsp48 | 3       |
|   mul_8s_8s_16_1_1_U6              | -   |        | mul_ln63_15 | mul | auto  | 0       |
|   mac_muladd_8s_8s_16ns_16_4_1_U24 | 1   |        | mul_ln63_16 | mul | dsp48 | 3       |
|   mac_muladd_8s_8s_16s_16_4_1_U15  | 1   |        | mul_ln63_17 | mul | dsp48 | 3       |
|   mac_muladd_8s_8s_16s_16_4_1_U15  | 1   |        | add_ln63_10 | add | dsp48 | 3       |
|   mac_muladd_8s_8s_16ns_16_4_1_U24 | 1   |        | add_ln63_11 | add | dsp48 | 3       |
|   mul_8s_8s_16_1_1_U7              | -   |        | mul_ln63_18 | mul | auto  | 0       |
|   mac_muladd_8s_8s_16ns_16_4_1_U25 | 1   |        | mul_ln63_19 | mul | dsp48 | 3       |
|   mac_muladd_8s_8s_16s_16_4_1_U16  | 1   |        | mul_ln63_20 | mul | dsp48 | 3       |
|   mac_muladd_8s_8s_16s_16_4_1_U16  | 1   |        | add_ln63_12 | add | dsp48 | 3       |
|   mac_muladd_8s_8s_16ns_16_4_1_U25 | 1   |        | add_ln63_13 | add | dsp48 | 3       |
|   mul_8s_8s_16_1_1_U8              | -   |        | mul_ln63_21 | mul | auto  | 0       |
|   mac_muladd_8s_8s_16ns_16_4_1_U26 | 1   |        | mul_ln63_22 | mul | dsp48 | 3       |
|   mac_muladd_8s_8s_16s_16_4_1_U17  | 1   |        | mul_ln63_23 | mul | dsp48 | 3       |
|   mac_muladd_8s_8s_16s_16_4_1_U17  | 1   |        | add_ln63_14 | add | dsp48 | 3       |
|   mac_muladd_8s_8s_16ns_16_4_1_U26 | 1   |        | add_ln63_15 | add | dsp48 | 3       |
|   mul_8s_8s_16_1_1_U9              | -   |        | mul_ln63_24 | mul | auto  | 0       |
|   mac_muladd_8s_8s_16ns_16_4_1_U27 | 1   |        | mul_ln63_25 | mul | dsp48 | 3       |
|   mac_muladd_8s_8s_16s_16_4_1_U21  | 1   |        | mul_ln63_26 | mul | dsp48 | 3       |
|   mac_muladd_8s_8s_16s_16_4_1_U21  | 1   |        | add_ln63_16 | add | dsp48 | 3       |
|   mac_muladd_8s_8s_16ns_16_4_1_U27 | 1   |        | add_ln63_17 | add | dsp48 | 3       |
+------------------------------------+-----+--------+-------------+-----+-------+---------+


================================================================
== Bind Storage Report
================================================================
  No bind storage info in design

================================================================
== Pragma Report
================================================================
* Valid Pragma Syntax
+---------------+---------------------------+----------------------------------------------------------+
| Type          | Options                   | Location                                                 |
+---------------+---------------------------+----------------------------------------------------------+
| array_reshape | variable=a complete dim=2 | matrixmul_prj/solution6/directives.tcl:7 in matrixmul, a |
| array_reshape | variable=b complete dim=1 | matrixmul_prj/solution6/directives.tcl:8 in matrixmul, b |
| pipeline      |                           | matrixmul_prj/solution6/directives.tcl:9 in matrixmul    |
+---------------+---------------------------+----------------------------------------------------------+


