==============================================================
Vitis HLS - High-Level Synthesis from C, C++ and OpenCL v2022.1 (64-bit)
Tool Version Limit: 2022.04
Copyright 1986-2022 Xilinx, Inc. All Rights Reserved.
==============================================================
INFO: [SYN 201-201] Setting up clock 'default' with a period of 13.333ns.
INFO: [HLS 200-1611] Setting target device to 'xcvu9p-flgb2104-1-e'
INFO: [HLS 200-1505] Using flow_target 'vivado'
INFO: [HLS 200-1510] Running: set_part xcvu9p-flgb2104-1-e 
INFO: [HLS 200-1510] Running: create_clock -period 75MHz -name default 
INFO: [HLS 200-1510] Running: source ./matrixmul_prj/solution5/directives.tcl
INFO: [HLS 200-1510] Running: set_directive_top -name matrixmul matrixmul 
INFO: [HLS 200-1510] Running: set_directive_pipeline matrixmul/Col 
INFO: [HLS 200-1510] Running: set_directive_array_reshape -type complete -dim 2 matrixmul a 
INFO: [HLS 200-1510] Running: set_directive_array_reshape -type complete -dim 1 matrixmul b 
INFO: [HLS 200-1510] Running: set_directive_interface -mode ap_fifo matrixmul a 
INFO: [HLS 200-1510] Running: set_directive_interface -mode ap_fifo matrixmul b 
INFO: [HLS 200-1510] Running: set_directive_interface -mode ap_fifo matrixmul res 
INFO: [HLS 200-1510] Running: csynth_design 
INFO: [HLS 200-111] Finished File checks and directory preparation: CPU user time: 0 seconds. CPU system time: 0 seconds. Elapsed time: 0.026 seconds; current allocated memory: 1.385 GB.
INFO: [HLS 200-10] Analyzing design file 'matrixmul.cpp' ... 
INFO: [HLS 200-111] Finished Source Code Analysis and Preprocessing: CPU user time: 0 seconds. CPU system time: 0 seconds. Elapsed time: 1.135 seconds; current allocated memory: 1.385 GB.
INFO: [HLS 200-777] Using interface defaults for 'Vivado' flow target.
INFO: [HLS 214-291] Loop 'Product' is marked as complete unroll implied by the pipeline pragma (matrixmul.cpp:62:19)
INFO: [HLS 214-186] Unrolling loop 'Product' (matrixmul.cpp:62:19) in function 'matrixmul' completely with a factor of 3 (matrixmul.cpp:52:0)
INFO: [HLS 214-248] Applying array_reshape to 'a': Complete reshaping on dimension 2. (matrixmul.cpp:52:0)
INFO: [HLS 214-248] Applying array_reshape to 'b': Complete reshaping on dimension 1. (matrixmul.cpp:52:0)
WARNING: [HLS 214-142] Implementing stream: may cause mismatch if read and write accesses are not in sequential order on port 'a' (matrixmul.cpp:52:0)
WARNING: [HLS 214-142] Implementing stream: may cause mismatch if read and write accesses are not in sequential order on port 'b' (matrixmul.cpp:52:0)
WARNING: [HLS 214-142] Implementing stream: may cause mismatch if read and write accesses are not in sequential order on port 'res' (matrixmul.cpp:52:0)
INFO: [HLS 200-111] Finished Compiling Optimization and Transform: CPU user time: 0 seconds. CPU system time: 0 seconds. Elapsed time: 4.465 seconds; current allocated memory: 1.385 GB.
INFO: [HLS 200-111] Finished Checking Pragmas: CPU user time: 0 seconds. CPU system time: 0 seconds. Elapsed time: 0.004 seconds; current allocated memory: 1.385 GB.
INFO: [HLS 200-10] Starting code transformations ...
INFO: [HLS 200-111] Finished Standard Transforms: CPU user time: 0 seconds. CPU system time: 0 seconds. Elapsed time: 0.04 seconds; current allocated memory: 1.385 GB.
INFO: [HLS 200-10] Checking synthesizability ...
INFO: [HLS 200-111] Finished Checking Synthesizability: CPU user time: 0 seconds. CPU system time: 0 seconds. Elapsed time: 0.011 seconds; current allocated memory: 1.385 GB.
INFO: [HLS 200-111] Finished Loop, function and other optimizations: CPU user time: 0 seconds. CPU system time: 0 seconds. Elapsed time: 0.059 seconds; current allocated memory: 1.385 GB.
WARNING: [HLS 200-960] Cannot flatten loop 'Row' (matrixmul.cpp:57:17) in function 'matrixmul' the outer loop is not a perfect loop.
INFO: [HLS 200-111] Finished Architecture Synthesis: CPU user time: 1 seconds. CPU system time: 0 seconds. Elapsed time: 0.056 seconds; current allocated memory: 1.385 GB.
INFO: [HLS 200-10] Starting hardware synthesis ...
INFO: [HLS 200-10] Synthesizing 'matrixmul' ...
INFO: [HLS 200-10] ----------------------------------------------------------------
INFO: [HLS 200-42] -- Implementing module 'matrixmul_Pipeline_Col' 
INFO: [HLS 200-10] ----------------------------------------------------------------
INFO: [SCHED 204-11] Starting scheduling ...
INFO: [HLS 200-486] Changing DSP latency (root=mul_ln63) to 3 in order to utilize available DSP registers.
INFO: [HLS 200-486] Changing DSP latency (root=mul_ln63_2) to 3 in order to utilize available DSP registers.
INFO: [SCHED 204-61] Pipelining loop 'Col'.
INFO: [HLS 200-1470] Pipelining result : Target II = NA, Final II = 1, Depth = 6, loop 'Col'
INFO: [SCHED 204-11] Finished scheduling.
INFO: [HLS 200-111] Finished Scheduling: CPU user time: 0 seconds. CPU system time: 0 seconds. Elapsed time: 0.114 seconds; current allocated memory: 1.385 GB.
INFO: [BIND 205-100] Starting micro-architecture generation ...
INFO: [BIND 205-101] Performing variable lifetime analysis.
INFO: [BIND 205-101] Exploring resource sharing.
INFO: [BIND 205-101] Binding ...
INFO: [BIND 205-100] Finished micro-architecture generation.
INFO: [HLS 200-111] Finished Binding: CPU user time: 0 seconds. CPU system time: 0 seconds. Elapsed time: 0.051 seconds; current allocated memory: 1.385 GB.
INFO: [HLS 200-10] ----------------------------------------------------------------
INFO: [HLS 200-42] -- Implementing module 'matrixmul' 
INFO: [HLS 200-10] ----------------------------------------------------------------
INFO: [SCHED 204-11] Starting scheduling ...
INFO: [SCHED 204-11] Finished scheduling.
INFO: [HLS 200-111] Finished Scheduling: CPU user time: 0 seconds. CPU system time: 0 seconds. Elapsed time: 0.055 seconds; current allocated memory: 1.385 GB.
INFO: [BIND 205-100] Starting micro-architecture generation ...
INFO: [BIND 205-101] Performing variable lifetime analysis.
INFO: [BIND 205-101] Exploring resource sharing.
INFO: [BIND 205-101] Binding ...
INFO: [BIND 205-100] Finished micro-architecture generation.
INFO: [HLS 200-111] Finished Binding: CPU user time: 0 seconds. CPU system time: 0 seconds. Elapsed time: 0.045 seconds; current allocated memory: 1.385 GB.
INFO: [HLS 200-10] ----------------------------------------------------------------
INFO: [HLS 200-10] -- Generating RTL for module 'matrixmul_Pipeline_Col' 
INFO: [HLS 200-10] ----------------------------------------------------------------
INFO: [HLS 200-1030] Apply Unified Pipeline Control on module 'matrixmul_Pipeline_Col' pipeline 'Col' pipeline type 'loop pipeline'
INFO: [RTGEN 206-100] Generating core module 'mac_muladd_8s_8s_16ns_16_4_1': 1 instance(s).
INFO: [RTGEN 206-100] Generating core module 'mac_muladd_8s_8s_16s_16_4_1': 1 instance(s).
INFO: [RTGEN 206-100] Generating core module 'mul_8s_8s_16_1_1': 1 instance(s).
INFO: [RTGEN 206-100] Finished creating RTL model for 'matrixmul_Pipeline_Col'.
INFO: [HLS 200-111] Finished Creating RTL model: CPU user time: 0 seconds. CPU system time: 0 seconds. Elapsed time: 0.075 seconds; current allocated memory: 1.385 GB.
INFO: [HLS 200-10] ----------------------------------------------------------------
INFO: [HLS 200-10] -- Generating RTL for module 'matrixmul' 
INFO: [HLS 200-10] ----------------------------------------------------------------
INFO: [RTGEN 206-500] Setting interface mode on port 'matrixmul/a' to 'ap_fifo'.
INFO: [RTGEN 206-500] Setting interface mode on port 'matrixmul/b' to 'ap_fifo'.
INFO: [RTGEN 206-500] Setting interface mode on port 'matrixmul/res' to 'ap_fifo'.
INFO: [RTGEN 206-500] Setting interface mode on function 'matrixmul' to 'ap_ctrl_hs'.
INFO: [RTGEN 206-100] Finished creating RTL model for 'matrixmul'.
INFO: [HLS 200-111] Finished Creating RTL model: CPU user time: 0 seconds. CPU system time: 0 seconds. Elapsed time: 0.196 seconds; current allocated memory: 1.385 GB.
INFO: [HLS 200-111] Finished Generating all RTL models: CPU user time: 0 seconds. CPU system time: 0 seconds. Elapsed time: 0.619 seconds; current allocated memory: 1.385 GB.
INFO: [HLS 200-111] Finished Updating report files: CPU user time: 1 seconds. CPU system time: 0 seconds. Elapsed time: 0.435 seconds; current allocated memory: 1.385 GB.
INFO: [VHDL 208-304] Generating VHDL RTL for matrixmul.
INFO: [VLOG 209-307] Generating Verilog RTL for matrixmul.
INFO: [HLS 200-790] **** Loop Constraint Status: All loop constraints were satisfied.
INFO: [HLS 200-789] **** Estimated Fmax: 355.11 MHz
INFO: [HLS 200-111] Finished Command csynth_design CPU user time: 2 seconds. CPU system time: 0 seconds. Elapsed time: 7.414 seconds; current allocated memory: 0.000 MB.
INFO: [HLS 200-112] Total CPU user time: 7 seconds. Total CPU system time: 2 seconds. Total elapsed time: 11.572 seconds; peak allocated memory: 1.385 GB.
==============================================================
Vitis HLS - High-Level Synthesis from C, C++ and OpenCL v2022.1 (64-bit)
Tool Version Limit: 2022.04
Copyright 1986-2022 Xilinx, Inc. All Rights Reserved.
==============================================================
INFO: [SYN 201-201] Setting up clock 'default' with a period of 13.333ns.
INFO: [HLS 200-1611] Setting target device to 'xcvu9p-flgb2104-1-e'
INFO: [HLS 200-1505] Using flow_target 'vivado'
INFO: [HLS 200-1510] Running: set_part xcvu9p-flgb2104-1-e 
INFO: [HLS 200-1510] Running: create_clock -period 75MHz -name default 
INFO: [HLS 200-1510] Running: source ./matrixmul_prj/solution5/directives.tcl
INFO: [HLS 200-1510] Running: set_directive_top -name matrixmul matrixmul 
INFO: [HLS 200-1510] Running: set_directive_pipeline matrixmul/Col 
INFO: [HLS 200-1510] Running: set_directive_array_reshape -type complete -dim 2 matrixmul a 
INFO: [HLS 200-1510] Running: set_directive_array_reshape -type complete -dim 1 matrixmul b 
INFO: [HLS 200-1510] Running: set_directive_interface -mode ap_fifo matrixmul a 
INFO: [HLS 200-1510] Running: set_directive_interface -mode ap_fifo matrixmul b 
INFO: [HLS 200-1510] Running: set_directive_interface -mode ap_fifo matrixmul res 
INFO: [HLS 200-1510] Running: csynth_design 
INFO: [HLS 200-111] Finished File checks and directory preparation: CPU user time: 0 seconds. CPU system time: 0 seconds. Elapsed time: 0.027 seconds; current allocated memory: 1.386 GB.
INFO: [HLS 200-10] Analyzing design file 'matrixmul.cpp' ... 
INFO: [HLS 200-111] Finished Source Code Analysis and Preprocessing: CPU user time: 0 seconds. CPU system time: 0 seconds. Elapsed time: 1.074 seconds; current allocated memory: 1.386 GB.
INFO: [HLS 200-777] Using interface defaults for 'Vivado' flow target.
INFO: [HLS 214-291] Loop 'Product' is marked as complete unroll implied by the pipeline pragma (matrixmul.cpp:62:19)
INFO: [HLS 214-186] Unrolling loop 'Product' (matrixmul.cpp:62:19) in function 'matrixmul' completely with a factor of 3 (matrixmul.cpp:52:0)
INFO: [HLS 214-248] Applying array_reshape to 'a': Complete reshaping on dimension 2. (matrixmul.cpp:52:0)
INFO: [HLS 214-248] Applying array_reshape to 'b': Complete reshaping on dimension 1. (matrixmul.cpp:52:0)
WARNING: [HLS 214-142] Implementing stream: may cause mismatch if read and write accesses are not in sequential order on port 'a' (matrixmul.cpp:52:0)
WARNING: [HLS 214-142] Implementing stream: may cause mismatch if read and write accesses are not in sequential order on port 'b' (matrixmul.cpp:52:0)
WARNING: [HLS 214-142] Implementing stream: may cause mismatch if read and write accesses are not in sequential order on port 'res' (matrixmul.cpp:52:0)
INFO: [HLS 200-111] Finished Compiling Optimization and Transform: CPU user time: 0 seconds. CPU system time: 0 seconds. Elapsed time: 4.502 seconds; current allocated memory: 1.386 GB.
INFO: [HLS 200-111] Finished Checking Pragmas: CPU user time: 0 seconds. CPU system time: 0 seconds. Elapsed time: 0.008 seconds; current allocated memory: 1.386 GB.
INFO: [HLS 200-10] Starting code transformations ...
INFO: [HLS 200-111] Finished Standard Transforms: CPU user time: 0 seconds. CPU system time: 0 seconds. Elapsed time: 0.024 seconds; current allocated memory: 1.386 GB.
INFO: [HLS 200-10] Checking synthesizability ...
INFO: [HLS 200-111] Finished Checking Synthesizability: CPU user time: 0 seconds. CPU system time: 0 seconds. Elapsed time: 0.013 seconds; current allocated memory: 1.386 GB.
INFO: [HLS 200-111] Finished Loop, function and other optimizations: CPU user time: 0 seconds. CPU system time: 0 seconds. Elapsed time: 0.05 seconds; current allocated memory: 1.386 GB.
WARNING: [HLS 200-960] Cannot flatten loop 'Row' (matrixmul.cpp:57:15) in function 'matrixmul' the outer loop is not a perfect loop.
INFO: [HLS 200-111] Finished Architecture Synthesis: CPU user time: 1 seconds. CPU system time: 0 seconds. Elapsed time: 0.04 seconds; current allocated memory: 1.386 GB.
INFO: [HLS 200-10] Starting hardware synthesis ...
INFO: [HLS 200-10] Synthesizing 'matrixmul' ...
INFO: [HLS 200-10] ----------------------------------------------------------------
INFO: [HLS 200-42] -- Implementing module 'matrixmul_Pipeline_Col' 
INFO: [HLS 200-10] ----------------------------------------------------------------
INFO: [SCHED 204-11] Starting scheduling ...
INFO: [HLS 200-486] Changing DSP latency (root=mul_ln63) to 3 in order to utilize available DSP registers.
INFO: [HLS 200-486] Changing DSP latency (root=mul_ln63_2) to 3 in order to utilize available DSP registers.
INFO: [SCHED 204-61] Pipelining loop 'Col'.
INFO: [HLS 200-1470] Pipelining result : Target II = NA, Final II = 1, Depth = 6, loop 'Col'
INFO: [SCHED 204-11] Finished scheduling.
INFO: [HLS 200-111] Finished Scheduling: CPU user time: 0 seconds. CPU system time: 0 seconds. Elapsed time: 0.132 seconds; current allocated memory: 1.386 GB.
INFO: [BIND 205-100] Starting micro-architecture generation ...
INFO: [BIND 205-101] Performing variable lifetime analysis.
INFO: [BIND 205-101] Exploring resource sharing.
INFO: [BIND 205-101] Binding ...
INFO: [BIND 205-100] Finished micro-architecture generation.
INFO: [HLS 200-111] Finished Binding: CPU user time: 0 seconds. CPU system time: 0 seconds. Elapsed time: 0.049 seconds; current allocated memory: 1.386 GB.
INFO: [HLS 200-10] ----------------------------------------------------------------
INFO: [HLS 200-42] -- Implementing module 'matrixmul' 
INFO: [HLS 200-10] ----------------------------------------------------------------
INFO: [SCHED 204-11] Starting scheduling ...
INFO: [SCHED 204-11] Finished scheduling.
INFO: [HLS 200-111] Finished Scheduling: CPU user time: 0 seconds. CPU system time: 0 seconds. Elapsed time: 0.057 seconds; current allocated memory: 1.386 GB.
INFO: [BIND 205-100] Starting micro-architecture generation ...
INFO: [BIND 205-101] Performing variable lifetime analysis.
INFO: [BIND 205-101] Exploring resource sharing.
INFO: [BIND 205-101] Binding ...
INFO: [BIND 205-100] Finished micro-architecture generation.
INFO: [HLS 200-111] Finished Binding: CPU user time: 0 seconds. CPU system time: 0 seconds. Elapsed time: 0.051 seconds; current allocated memory: 1.386 GB.
INFO: [HLS 200-10] ----------------------------------------------------------------
INFO: [HLS 200-10] -- Generating RTL for module 'matrixmul_Pipeline_Col' 
INFO: [HLS 200-10] ----------------------------------------------------------------
INFO: [HLS 200-1030] Apply Unified Pipeline Control on module 'matrixmul_Pipeline_Col' pipeline 'Col' pipeline type 'loop pipeline'
INFO: [RTGEN 206-100] Generating core module 'mac_muladd_8s_8s_16ns_16_4_1': 1 instance(s).
INFO: [RTGEN 206-100] Generating core module 'mac_muladd_8s_8s_16s_16_4_1': 1 instance(s).
INFO: [RTGEN 206-100] Generating core module 'mul_8s_8s_16_1_1': 1 instance(s).
INFO: [RTGEN 206-100] Finished creating RTL model for 'matrixmul_Pipeline_Col'.
INFO: [HLS 200-111] Finished Creating RTL model: CPU user time: 0 seconds. CPU system time: 0 seconds. Elapsed time: 0.065 seconds; current allocated memory: 1.386 GB.
INFO: [HLS 200-10] ----------------------------------------------------------------
INFO: [HLS 200-10] -- Generating RTL for module 'matrixmul' 
INFO: [HLS 200-10] ----------------------------------------------------------------
INFO: [RTGEN 206-500] Setting interface mode on port 'matrixmul/a' to 'ap_fifo'.
INFO: [RTGEN 206-500] Setting interface mode on port 'matrixmul/b' to 'ap_fifo'.
INFO: [RTGEN 206-500] Setting interface mode on port 'matrixmul/res' to 'ap_fifo'.
INFO: [RTGEN 206-500] Setting interface mode on function 'matrixmul' to 'ap_ctrl_hs'.
INFO: [RTGEN 206-100] Finished creating RTL model for 'matrixmul'.
INFO: [HLS 200-111] Finished Creating RTL model: CPU user time: 0 seconds. CPU system time: 0 seconds. Elapsed time: 0.149 seconds; current allocated memory: 1.386 GB.
INFO: [HLS 200-111] Finished Generating all RTL models: CPU user time: 0 seconds. CPU system time: 0 seconds. Elapsed time: 0.649 seconds; current allocated memory: 1.386 GB.
INFO: [HLS 200-111] Finished Updating report files: CPU user time: 1 seconds. CPU system time: 0 seconds. Elapsed time: 0.438 seconds; current allocated memory: 1.386 GB.
INFO: [VHDL 208-304] Generating VHDL RTL for matrixmul.
INFO: [VLOG 209-307] Generating Verilog RTL for matrixmul.
INFO: [HLS 200-790] **** Loop Constraint Status: All loop constraints were satisfied.
INFO: [HLS 200-789] **** Estimated Fmax: 355.11 MHz
INFO: [HLS 200-111] Finished Command csynth_design CPU user time: 2 seconds. CPU system time: 0 seconds. Elapsed time: 7.354 seconds; current allocated memory: 0.000 MB.
INFO: [HLS 200-112] Total CPU user time: 7 seconds. Total CPU system time: 2 seconds. Total elapsed time: 11.454 seconds; peak allocated memory: 1.386 GB.
==============================================================
Vitis HLS - High-Level Synthesis from C, C++ and OpenCL v2022.1 (64-bit)
Tool Version Limit: 2022.04
Copyright 1986-2022 Xilinx, Inc. All Rights Reserved.
==============================================================
INFO: [SYN 201-201] Setting up clock 'default' with a period of 13.333ns.
INFO: [HLS 200-1611] Setting target device to 'xcvu9p-flgb2104-1-e'
INFO: [HLS 200-1505] Using flow_target 'vivado'
INFO: [HLS 200-1510] Running: set_part xcvu9p-flgb2104-1-e 
INFO: [HLS 200-1510] Running: create_clock -period 75MHz -name default 
INFO: [HLS 200-1510] Running: source ./matrixmul_prj/solution5/directives.tcl
INFO: [HLS 200-1510] Running: set_directive_top -name matrixmul matrixmul 
INFO: [HLS 200-1510] Running: set_directive_pipeline matrixmul/Col 
INFO: [HLS 200-1510] Running: set_directive_array_reshape -type complete -dim 2 matrixmul a 
INFO: [HLS 200-1510] Running: set_directive_array_reshape -type complete -dim 1 matrixmul b 
INFO: [HLS 200-1510] Running: set_directive_interface -mode ap_fifo matrixmul a 
INFO: [HLS 200-1510] Running: set_directive_interface -mode ap_fifo matrixmul b 
INFO: [HLS 200-1510] Running: set_directive_interface -mode ap_fifo matrixmul res 
INFO: [HLS 200-1510] Running: csynth_design 
INFO: [HLS 200-111] Finished File checks and directory preparation: CPU user time: 0 seconds. CPU system time: 0 seconds. Elapsed time: 0.026 seconds; current allocated memory: 1.385 GB.
INFO: [HLS 200-10] Analyzing design file 'matrixmul.cpp' ... 
INFO: [HLS 200-111] Finished Source Code Analysis and Preprocessing: CPU user time: 0 seconds. CPU system time: 0 seconds. Elapsed time: 1.088 seconds; current allocated memory: 1.385 GB.
INFO: [HLS 200-777] Using interface defaults for 'Vivado' flow target.
INFO: [HLS 214-291] Loop 'Product' is marked as complete unroll implied by the pipeline pragma (matrixmul.cpp:63:19)
INFO: [HLS 214-186] Unrolling loop 'Product' (matrixmul.cpp:63:19) in function 'matrixmul' completely with a factor of 3 (matrixmul.cpp:52:0)
INFO: [HLS 214-248] Applying array_reshape to 'a': Complete reshaping on dimension 2. (matrixmul.cpp:52:0)
INFO: [HLS 214-248] Applying array_reshape to 'b': Complete reshaping on dimension 1. (matrixmul.cpp:52:0)
WARNING: [HLS 214-142] Implementing stream: may cause mismatch if read and write accesses are not in sequential order on port 'a' (matrixmul.cpp:52:0)
WARNING: [HLS 214-142] Implementing stream: may cause mismatch if read and write accesses are not in sequential order on port 'b' (matrixmul.cpp:52:0)
WARNING: [HLS 214-142] Implementing stream: may cause mismatch if read and write accesses are not in sequential order on port 'res' (matrixmul.cpp:52:0)
INFO: [HLS 200-111] Finished Compiling Optimization and Transform: CPU user time: 0 seconds. CPU system time: 0 seconds. Elapsed time: 4.468 seconds; current allocated memory: 1.385 GB.
INFO: [HLS 200-111] Finished Checking Pragmas: CPU user time: 0 seconds. CPU system time: 0 seconds. Elapsed time: 0.005 seconds; current allocated memory: 1.385 GB.
INFO: [HLS 200-10] Starting code transformations ...
INFO: [HLS 200-111] Finished Standard Transforms: CPU user time: 0 seconds. CPU system time: 0 seconds. Elapsed time: 0.017 seconds; current allocated memory: 1.385 GB.
INFO: [HLS 200-10] Checking synthesizability ...
INFO: [HLS 200-111] Finished Checking Synthesizability: CPU user time: 0 seconds. CPU system time: 0 seconds. Elapsed time: 0.013 seconds; current allocated memory: 1.385 GB.
INFO: [HLS 200-111] Finished Loop, function and other optimizations: CPU user time: 0 seconds. CPU system time: 0 seconds. Elapsed time: 0.04 seconds; current allocated memory: 1.385 GB.
WARNING: [HLS 200-960] Cannot flatten loop 'Row' (matrixmul.cpp:58:15) in function 'matrixmul' the outer loop is not a perfect loop.
INFO: [HLS 200-111] Finished Architecture Synthesis: CPU user time: 0 seconds. CPU system time: 0 seconds. Elapsed time: 0.034 seconds; current allocated memory: 1.385 GB.
INFO: [HLS 200-10] Starting hardware synthesis ...
INFO: [HLS 200-10] Synthesizing 'matrixmul' ...
INFO: [HLS 200-10] ----------------------------------------------------------------
INFO: [HLS 200-42] -- Implementing module 'matrixmul_Pipeline_Col' 
INFO: [HLS 200-10] ----------------------------------------------------------------
INFO: [SCHED 204-11] Starting scheduling ...
INFO: [HLS 200-486] Changing DSP latency (root=mul_ln64) to 3 in order to utilize available DSP registers.
INFO: [HLS 200-486] Changing DSP latency (root=mul_ln64_2) to 3 in order to utilize available DSP registers.
INFO: [SCHED 204-61] Pipelining loop 'Col'.
INFO: [HLS 200-1470] Pipelining result : Target II = NA, Final II = 1, Depth = 6, loop 'Col'
INFO: [SCHED 204-11] Finished scheduling.
INFO: [HLS 200-111] Finished Scheduling: CPU user time: 0 seconds. CPU system time: 0 seconds. Elapsed time: 0.124 seconds; current allocated memory: 1.385 GB.
INFO: [BIND 205-100] Starting micro-architecture generation ...
INFO: [BIND 205-101] Performing variable lifetime analysis.
INFO: [BIND 205-101] Exploring resource sharing.
INFO: [BIND 205-101] Binding ...
INFO: [BIND 205-100] Finished micro-architecture generation.
INFO: [HLS 200-111] Finished Binding: CPU user time: 1 seconds. CPU system time: 0 seconds. Elapsed time: 0.051 seconds; current allocated memory: 1.385 GB.
INFO: [HLS 200-10] ----------------------------------------------------------------
INFO: [HLS 200-42] -- Implementing module 'matrixmul' 
INFO: [HLS 200-10] ----------------------------------------------------------------
INFO: [SCHED 204-11] Starting scheduling ...
INFO: [SCHED 204-11] Finished scheduling.
INFO: [HLS 200-111] Finished Scheduling: CPU user time: 0 seconds. CPU system time: 0 seconds. Elapsed time: 0.058 seconds; current allocated memory: 1.385 GB.
INFO: [BIND 205-100] Starting micro-architecture generation ...
INFO: [BIND 205-101] Performing variable lifetime analysis.
INFO: [BIND 205-101] Exploring resource sharing.
INFO: [BIND 205-101] Binding ...
INFO: [BIND 205-100] Finished micro-architecture generation.
INFO: [HLS 200-111] Finished Binding: CPU user time: 0 seconds. CPU system time: 0 seconds. Elapsed time: 0.041 seconds; current allocated memory: 1.385 GB.
INFO: [HLS 200-10] ----------------------------------------------------------------
INFO: [HLS 200-10] -- Generating RTL for module 'matrixmul_Pipeline_Col' 
INFO: [HLS 200-10] ----------------------------------------------------------------
INFO: [HLS 200-1030] Apply Unified Pipeline Control on module 'matrixmul_Pipeline_Col' pipeline 'Col' pipeline type 'loop pipeline'
INFO: [RTGEN 206-100] Generating core module 'mac_muladd_8s_8s_16ns_16_4_1': 1 instance(s).
INFO: [RTGEN 206-100] Generating core module 'mac_muladd_8s_8s_16s_16_4_1': 1 instance(s).
INFO: [RTGEN 206-100] Generating core module 'mul_8s_8s_16_1_1': 1 instance(s).
INFO: [RTGEN 206-100] Finished creating RTL model for 'matrixmul_Pipeline_Col'.
INFO: [HLS 200-111] Finished Creating RTL model: CPU user time: 0 seconds. CPU system time: 0 seconds. Elapsed time: 0.058 seconds; current allocated memory: 1.385 GB.
INFO: [HLS 200-10] ----------------------------------------------------------------
INFO: [HLS 200-10] -- Generating RTL for module 'matrixmul' 
INFO: [HLS 200-10] ----------------------------------------------------------------
INFO: [RTGEN 206-500] Setting interface mode on port 'matrixmul/a' to 'ap_fifo'.
INFO: [RTGEN 206-500] Setting interface mode on port 'matrixmul/b' to 'ap_fifo'.
INFO: [RTGEN 206-500] Setting interface mode on port 'matrixmul/res' to 'ap_fifo'.
INFO: [RTGEN 206-500] Setting interface mode on function 'matrixmul' to 'ap_ctrl_hs'.
INFO: [RTGEN 206-100] Finished creating RTL model for 'matrixmul'.
INFO: [HLS 200-111] Finished Creating RTL model: CPU user time: 0 seconds. CPU system time: 0 seconds. Elapsed time: 0.146 seconds; current allocated memory: 1.385 GB.
INFO: [HLS 200-111] Finished Generating all RTL models: CPU user time: 0 seconds. CPU system time: 0 seconds. Elapsed time: 0.567 seconds; current allocated memory: 1.385 GB.
INFO: [HLS 200-111] Finished Updating report files: CPU user time: 0 seconds. CPU system time: 0 seconds. Elapsed time: 0.444 seconds; current allocated memory: 1.385 GB.
INFO: [VHDL 208-304] Generating VHDL RTL for matrixmul.
INFO: [VLOG 209-307] Generating Verilog RTL for matrixmul.
INFO: [HLS 200-790] **** Loop Constraint Status: All loop constraints were satisfied.
INFO: [HLS 200-789] **** Estimated Fmax: 355.11 MHz
INFO: [HLS 200-111] Finished Command csynth_design CPU user time: 1 seconds. CPU system time: 0 seconds. Elapsed time: 7.203 seconds; current allocated memory: 0.000 MB.
INFO: [HLS 200-112] Total CPU user time: 6 seconds. Total CPU system time: 2 seconds. Total elapsed time: 11.285 seconds; peak allocated memory: 1.385 GB.
==============================================================
Vitis HLS - High-Level Synthesis from C, C++ and OpenCL v2022.1 (64-bit)
Tool Version Limit: 2022.04
Copyright 1986-2022 Xilinx, Inc. All Rights Reserved.
==============================================================
INFO: [SYN 201-201] Setting up clock 'default' with a period of 13.333ns.
INFO: [HLS 200-1611] Setting target device to 'xcvu9p-flgb2104-1-e'
INFO: [HLS 200-1505] Using flow_target 'vivado'
INFO: [HLS 200-1510] Running: set_part xcvu9p-flgb2104-1-e 
INFO: [HLS 200-1510] Running: create_clock -period 75MHz -name default 
INFO: [HLS 200-1510] Running: source ./matrixmul_prj/solution5/directives.tcl
INFO: [HLS 200-1510] Running: set_directive_top -name matrixmul matrixmul 
INFO: [HLS 200-1510] Running: set_directive_pipeline matrixmul/Col 
INFO: [HLS 200-1510] Running: set_directive_array_reshape -type complete -dim 2 matrixmul a 
INFO: [HLS 200-1510] Running: set_directive_array_reshape -type complete -dim 1 matrixmul b 
INFO: [HLS 200-1510] Running: set_directive_interface -mode ap_fifo matrixmul a 
INFO: [HLS 200-1510] Running: set_directive_interface -mode ap_fifo matrixmul b 
INFO: [HLS 200-1510] Running: set_directive_interface -mode ap_fifo matrixmul res 
INFO: [HLS 200-1510] Running: csynth_design 
INFO: [HLS 200-111] Finished File checks and directory preparation: CPU user time: 0 seconds. CPU system time: 0 seconds. Elapsed time: 0.026 seconds; current allocated memory: 1.383 GB.
INFO: [HLS 200-10] Analyzing design file 'matrixmul.cpp' ... 
INFO: [HLS 200-111] Finished Source Code Analysis and Preprocessing: CPU user time: 0 seconds. CPU system time: 0 seconds. Elapsed time: 1.218 seconds; current allocated memory: 1.383 GB.
INFO: [HLS 200-777] Using interface defaults for 'Vivado' flow target.
INFO: [HLS 214-291] Loop 'Product' is marked as complete unroll implied by the pipeline pragma (matrixmul.cpp:67:19)
INFO: [HLS 214-186] Unrolling loop 'Product' (matrixmul.cpp:67:19) in function 'matrixmul' completely with a factor of 3 (matrixmul.cpp:52:0)
INFO: [HLS 214-248] Applying array_reshape to 'a': Complete reshaping on dimension 2. (matrixmul.cpp:52:0)
INFO: [HLS 214-248] Applying array_reshape to 'b': Complete reshaping on dimension 1. (matrixmul.cpp:52:0)
WARNING: [HLS 214-142] Implementing stream: may cause mismatch if read and write accesses are not in sequential order on port 'a' (matrixmul.cpp:52:0)
WARNING: [HLS 214-142] Implementing stream: may cause mismatch if read and write accesses are not in sequential order on port 'b' (matrixmul.cpp:52:0)
WARNING: [HLS 214-142] Implementing stream: may cause mismatch if read and write accesses are not in sequential order on port 'res' (matrixmul.cpp:52:0)
INFO: [HLS 200-111] Finished Compiling Optimization and Transform: CPU user time: 0 seconds. CPU system time: 0 seconds. Elapsed time: 4.312 seconds; current allocated memory: 1.383 GB.
INFO: [HLS 200-111] Finished Checking Pragmas: CPU user time: 0 seconds. CPU system time: 0 seconds. Elapsed time: 0.005 seconds; current allocated memory: 1.383 GB.
INFO: [HLS 200-10] Starting code transformations ...
INFO: [HLS 200-111] Finished Standard Transforms: CPU user time: 0 seconds. CPU system time: 0 seconds. Elapsed time: 0.042 seconds; current allocated memory: 1.383 GB.
INFO: [HLS 200-10] Checking synthesizability ...
INFO: [HLS 200-111] Finished Checking Synthesizability: CPU user time: 0 seconds. CPU system time: 0 seconds. Elapsed time: 0.013 seconds; current allocated memory: 1.383 GB.
INFO: [HLS 200-111] Finished Loop, function and other optimizations: CPU user time: 0 seconds. CPU system time: 0 seconds. Elapsed time: 0.066 seconds; current allocated memory: 1.383 GB.
WARNING: [HLS 200-960] Cannot flatten loop 'Row' (matrixmul.cpp:56:17) in function 'matrixmul' the outer loop is not a perfect loop.
INFO: [HLS 200-111] Finished Architecture Synthesis: CPU user time: 0 seconds. CPU system time: 0 seconds. Elapsed time: 0.08 seconds; current allocated memory: 1.383 GB.
INFO: [HLS 200-10] Starting hardware synthesis ...
INFO: [HLS 200-10] Synthesizing 'matrixmul' ...
INFO: [HLS 200-10] ----------------------------------------------------------------
INFO: [HLS 200-42] -- Implementing module 'matrixmul_Pipeline_Col' 
INFO: [HLS 200-10] ----------------------------------------------------------------
INFO: [SCHED 204-11] Starting scheduling ...
INFO: [HLS 200-486] Changing DSP latency (root=mul_ln71) to 3 in order to utilize available DSP registers.
INFO: [HLS 200-486] Changing DSP latency (root=mul_ln71_2) to 3 in order to utilize available DSP registers.
INFO: [SCHED 204-61] Pipelining loop 'Col'.
INFO: [HLS 200-1470] Pipelining result : Target II = NA, Final II = 1, Depth = 6, loop 'Col'
INFO: [SCHED 204-11] Finished scheduling.
INFO: [HLS 200-111] Finished Scheduling: CPU user time: 0 seconds. CPU system time: 0 seconds. Elapsed time: 0.146 seconds; current allocated memory: 1.383 GB.
INFO: [BIND 205-100] Starting micro-architecture generation ...
INFO: [BIND 205-101] Performing variable lifetime analysis.
INFO: [BIND 205-101] Exploring resource sharing.
INFO: [BIND 205-101] Binding ...
INFO: [BIND 205-100] Finished micro-architecture generation.
INFO: [HLS 200-111] Finished Binding: CPU user time: 0 seconds. CPU system time: 0 seconds. Elapsed time: 0.05 seconds; current allocated memory: 1.383 GB.
INFO: [HLS 200-10] ----------------------------------------------------------------
INFO: [HLS 200-42] -- Implementing module 'matrixmul' 
INFO: [HLS 200-10] ----------------------------------------------------------------
INFO: [SCHED 204-11] Starting scheduling ...
INFO: [SCHED 204-11] Finished scheduling.
INFO: [HLS 200-111] Finished Scheduling: CPU user time: 0 seconds. CPU system time: 0 seconds. Elapsed time: 0.049 seconds; current allocated memory: 1.383 GB.
INFO: [BIND 205-100] Starting micro-architecture generation ...
INFO: [BIND 205-101] Performing variable lifetime analysis.
INFO: [BIND 205-101] Exploring resource sharing.
INFO: [BIND 205-101] Binding ...
INFO: [BIND 205-100] Finished micro-architecture generation.
INFO: [HLS 200-111] Finished Binding: CPU user time: 0 seconds. CPU system time: 0 seconds. Elapsed time: 0.07 seconds; current allocated memory: 1.383 GB.
INFO: [HLS 200-10] ----------------------------------------------------------------
INFO: [HLS 200-10] -- Generating RTL for module 'matrixmul_Pipeline_Col' 
INFO: [HLS 200-10] ----------------------------------------------------------------
INFO: [HLS 200-1030] Apply Unified Pipeline Control on module 'matrixmul_Pipeline_Col' pipeline 'Col' pipeline type 'loop pipeline'
INFO: [RTGEN 206-100] Generating core module 'mac_muladd_8s_8s_16ns_16_4_1': 1 instance(s).
INFO: [RTGEN 206-100] Generating core module 'mac_muladd_8s_8s_16s_16_4_1': 1 instance(s).
INFO: [RTGEN 206-100] Generating core module 'mul_8s_8s_16_1_1': 1 instance(s).
INFO: [RTGEN 206-100] Finished creating RTL model for 'matrixmul_Pipeline_Col'.
INFO: [HLS 200-111] Finished Creating RTL model: CPU user time: 0 seconds. CPU system time: 0 seconds. Elapsed time: 0.115 seconds; current allocated memory: 1.383 GB.
INFO: [HLS 200-10] ----------------------------------------------------------------
INFO: [HLS 200-10] -- Generating RTL for module 'matrixmul' 
INFO: [HLS 200-10] ----------------------------------------------------------------
INFO: [RTGEN 206-500] Setting interface mode on port 'matrixmul/a' to 'ap_fifo'.
INFO: [RTGEN 206-500] Setting interface mode on port 'matrixmul/b' to 'ap_fifo'.
INFO: [RTGEN 206-500] Setting interface mode on port 'matrixmul/res' to 'ap_fifo'.
INFO: [RTGEN 206-500] Setting interface mode on function 'matrixmul' to 'ap_ctrl_hs'.
INFO: [RTGEN 206-100] Finished creating RTL model for 'matrixmul'.
INFO: [HLS 200-111] Finished Creating RTL model: CPU user time: 0 seconds. CPU system time: 0 seconds. Elapsed time: 0.144 seconds; current allocated memory: 1.383 GB.
INFO: [HLS 200-111] Finished Generating all RTL models: CPU user time: 1 seconds. CPU system time: 0 seconds. Elapsed time: 0.574 seconds; current allocated memory: 1.383 GB.
INFO: [HLS 200-111] Finished Updating report files: CPU user time: 0 seconds. CPU system time: 0 seconds. Elapsed time: 0.409 seconds; current allocated memory: 1.383 GB.
INFO: [VHDL 208-304] Generating VHDL RTL for matrixmul.
INFO: [VLOG 209-307] Generating Verilog RTL for matrixmul.
INFO: [HLS 200-790] **** Loop Constraint Status: All loop constraints were satisfied.
INFO: [HLS 200-789] **** Estimated Fmax: 355.11 MHz
INFO: [HLS 200-111] Finished Command csynth_design CPU user time: 1 seconds. CPU system time: 0 seconds. Elapsed time: 7.345 seconds; current allocated memory: 0.000 MB.
INFO: [HLS 200-112] Total CPU user time: 7 seconds. Total CPU system time: 2 seconds. Total elapsed time: 11.694 seconds; peak allocated memory: 1.383 GB.
